Connecting to database specified by database.yml
  [1m[36m (72.8ms)[0m  [1mCREATE TABLE `schema_migrations` (`version` varchar(255) NOT NULL) ENGINE=InnoDB[0m
  [1m[35m (141.8ms)[0m  CREATE UNIQUE INDEX `unique_schema_migrations` ON `schema_migrations` (`version`)
  [1m[36m (0.2ms)[0m  [1mSELECT `schema_migrations`.`version` FROM `schema_migrations` [0m
Migrating to CreateBooks (20131125212932)
  [1m[35m (137.9ms)[0m  CREATE TABLE `books` (`id` int(11) DEFAULT NULL auto_increment PRIMARY KEY, `created_at` datetime NOT NULL, `updated_at` datetime NOT NULL) ENGINE=InnoDB
  [1m[36m (0.5ms)[0m  [1mINSERT INTO `schema_migrations` (`version`) VALUES ('20131125212932')[0m
  [1m[35m (0.2ms)[0m  SELECT `schema_migrations`.`version` FROM `schema_migrations` 
Connecting to database specified by database.yml
  [1m[36m (82.8ms)[0m  [1mCREATE TABLE `schema_migrations` (`version` varchar(255) NOT NULL) ENGINE=InnoDB[0m
  [1m[35m (209.4ms)[0m  CREATE UNIQUE INDEX `unique_schema_migrations` ON `schema_migrations` (`version`)
  [1m[36m (0.1ms)[0m  [1mSELECT `schema_migrations`.`version` FROM `schema_migrations` [0m
Migrating to CreateBooks (20131125212932)
  [1m[35m (171.3ms)[0m  CREATE TABLE `books` (`id` int(11) DEFAULT NULL auto_increment PRIMARY KEY, `title` varchar(255), `author` varchar(255), `isbn10` int(11), `isbn13` int(11), `rank` int(11), `created_at` datetime NOT NULL, `updated_at` datetime NOT NULL) ENGINE=InnoDB
  [1m[36m (0.5ms)[0m  [1mINSERT INTO `schema_migrations` (`version`) VALUES ('20131125212932')[0m
  [1m[35m (0.1ms)[0m  SELECT `schema_migrations`.`version` FROM `schema_migrations` 
Connecting to database specified by database.yml
Connecting to database specified by database.yml
Connecting to database specified by database.yml
Connecting to database specified by database.yml
  [1m[36m (0.4ms)[0m  [1mSELECT `schema_migrations`.`version` FROM `schema_migrations` [0m
Migrating to CreateBooks (20131125212932)
Migrating to DeviseCreateAdminUsers (20140121052705)
  [1m[35m (185.1ms)[0m  CREATE TABLE `admin_users` (`id` int(11) DEFAULT NULL auto_increment PRIMARY KEY, `email` varchar(255) DEFAULT '' NOT NULL, `encrypted_password` varchar(255) DEFAULT '' NOT NULL, `reset_password_token` varchar(255), `reset_password_sent_at` datetime, `remember_created_at` datetime, `sign_in_count` int(11) DEFAULT 0 NOT NULL, `current_sign_in_at` datetime, `last_sign_in_at` datetime, `current_sign_in_ip` varchar(255), `last_sign_in_ip` varchar(255), `created_at` datetime NOT NULL, `updated_at` datetime NOT NULL) ENGINE=InnoDB
  [1m[36m (293.7ms)[0m  [1mCREATE UNIQUE INDEX `index_admin_users_on_email` ON `admin_users` (`email`)[0m
  [1m[35m (180.1ms)[0m  CREATE UNIQUE INDEX `index_admin_users_on_reset_password_token` ON `admin_users` (`reset_password_token`)
  [1m[36m (0.1ms)[0m  [1mBEGIN[0m
  [1m[35mAdminUser Exists (0.3ms)[0m  SELECT 1 AS one FROM `admin_users` WHERE `admin_users`.`email` = BINARY 'admin@example.com' LIMIT 1
  [1m[36mSQL (0.2ms)[0m  [1mINSERT INTO `admin_users` (`created_at`, `current_sign_in_at`, `current_sign_in_ip`, `email`, `encrypted_password`, `last_sign_in_at`, `last_sign_in_ip`, `remember_created_at`, `reset_password_sent_at`, `reset_password_token`, `sign_in_count`, `updated_at`) VALUES ('2014-01-21 05:27:24', NULL, NULL, 'admin@example.com', '$2a$10$CuZupaSQiB..uHRF.kR.9.frHwzH5nW0Y8B81.MIe8y5OP0n2Mnmu', NULL, NULL, NULL, NULL, NULL, 0, '2014-01-21 05:27:24')[0m
  [1m[35m (15.4ms)[0m  COMMIT
  [1m[36m (0.5ms)[0m  [1mINSERT INTO `schema_migrations` (`version`) VALUES ('20140121052705')[0m
Migrating to CreateAdminNotes (20140121052707)
  [1m[35m (108.7ms)[0m  CREATE TABLE `admin_notes` (`id` int(11) DEFAULT NULL auto_increment PRIMARY KEY, `resource_id` varchar(255) NOT NULL, `resource_type` varchar(255) NOT NULL, `admin_user_id` int(11), `admin_user_type` varchar(255), `body` text, `created_at` datetime NOT NULL, `updated_at` datetime NOT NULL) ENGINE=InnoDB
  [1m[36m (211.5ms)[0m  [1mCREATE INDEX `index_admin_notes_on_resource_type_and_resource_id` ON `admin_notes` (`resource_type`, `resource_id`)[0m
  [1m[35m (137.4ms)[0m  CREATE INDEX `index_admin_notes_on_admin_user_type_and_admin_user_id` ON `admin_notes` (`admin_user_type`, `admin_user_id`)
  [1m[36m (0.5ms)[0m  [1mINSERT INTO `schema_migrations` (`version`) VALUES ('20140121052707')[0m
Migrating to MoveAdminNotesToComments (20140121052708)
  [1m[35m (221.5ms)[0m  DROP INDEX `index_admin_notes_on_admin_user_type_and_admin_user_id` ON `admin_notes`
  [1m[36m (2.5ms)[0m  [1mRENAME TABLE `admin_notes` TO `active_admin_comments`[0m
  [1m[35m (1.2ms)[0m  SHOW COLUMNS FROM `active_admin_comments` LIKE 'admin_user_type'
  [1m[36m (263.4ms)[0m  [1mALTER TABLE `active_admin_comments` CHANGE `admin_user_type` `author_type` varchar(255) DEFAULT NULL[0m
  [1m[35m (1.3ms)[0m  SHOW COLUMNS FROM `active_admin_comments` LIKE 'admin_user_id'
  [1m[36m (197.4ms)[0m  [1mALTER TABLE `active_admin_comments` CHANGE `admin_user_id` `author_id` int(11) DEFAULT NULL[0m
  [1m[35m (213.5ms)[0m  ALTER TABLE `active_admin_comments` ADD `namespace` varchar(255)
  [1m[36m (310.4ms)[0m  [1mCREATE INDEX `index_active_admin_comments_on_namespace` ON `active_admin_comments` (`namespace`)[0m
  [1m[35m (202.9ms)[0m  CREATE INDEX `index_active_admin_comments_on_author_type_and_author_id` ON `active_admin_comments` (`author_type`, `author_id`)
  [1m[36m (0.2ms)[0m  [1mUPDATE active_admin_comments SET namespace='admin'[0m
  [1m[35m (0.5ms)[0m  INSERT INTO `schema_migrations` (`version`) VALUES ('20140121052708')
  [1m[36m (0.1ms)[0m  [1mSELECT `schema_migrations`.`version` FROM `schema_migrations` [0m
Connecting to database specified by database.yml


Started GET "/admin" for 127.0.0.1 at 2014-01-21 10:57:44 +0530
Processing by Admin::DashboardController#index as HTML
Completed 401 Unauthorized in 1ms


Started GET "/admin/login" for 127.0.0.1 at 2014-01-21 10:57:45 +0530
Processing by ActiveAdmin::Devise::SessionsController#new as HTML
  Rendered /Users/pjain/.rvm/gems/ruby-2.0.0-p353/gems/activeadmin-0.6.0/app/views/active_admin/devise/shared/_links.erb (1.1ms)
  Rendered /Users/pjain/.rvm/gems/ruby-2.0.0-p353/gems/activeadmin-0.6.0/app/views/active_admin/devise/sessions/new.html.erb within layouts/active_admin_logged_out (62.9ms)
Compiled active_admin.css  (1333ms)  (pid 7374)
Compiled active_admin/print.css  (70ms)  (pid 7374)
Completed 500 Internal Server Error in 1543ms

ActionView::Template::Error (couldn't find file 'jquery-ui'
  (in /Users/pjain/.rvm/gems/ruby-2.0.0-p353/gems/activeadmin-0.6.0/app/assets/javascripts/active_admin/base.js:2)):
    9:     <%= stylesheet_link_tag style.path, style.options.dup %>
    10:   <% end %>
    11:   <% ActiveAdmin.application.javascripts.each do |path| %>
    12:     <%= javascript_include_tag path %>
    13:   <% end %>
    14: 
    15:   <%= csrf_meta_tag %>
  sprockets (2.2.2) lib/sprockets/context.rb:102:in `resolve'
  sprockets (2.2.2) lib/sprockets/context.rb:142:in `require_asset'
  sprockets (2.2.2) lib/sprockets/directive_processor.rb:215:in `process_require_directive'
  sprockets (2.2.2) lib/sprockets/directive_processor.rb:165:in `block in process_directives'
  sprockets (2.2.2) lib/sprockets/directive_processor.rb:163:in `each'
  sprockets (2.2.2) lib/sprockets/directive_processor.rb:163:in `process_directives'
  sprockets (2.2.2) lib/sprockets/directive_processor.rb:97:in `evaluate'
  tilt (1.4.1) lib/tilt/template.rb:103:in `render'
  sprockets (2.2.2) lib/sprockets/context.rb:193:in `block in evaluate'
  sprockets (2.2.2) lib/sprockets/context.rb:190:in `each'
  sprockets (2.2.2) lib/sprockets/context.rb:190:in `evaluate'
  sprockets (2.2.2) lib/sprockets/processed_asset.rb:12:in `initialize'
  sprockets (2.2.2) lib/sprockets/base.rb:249:in `new'
  sprockets (2.2.2) lib/sprockets/base.rb:249:in `block in build_asset'
  sprockets (2.2.2) lib/sprockets/base.rb:270:in `circular_call_protection'
  sprockets (2.2.2) lib/sprockets/base.rb:248:in `build_asset'
  sprockets (2.2.2) lib/sprockets/index.rb:93:in `block in build_asset'
  sprockets (2.2.2) lib/sprockets/caching.rb:19:in `cache_asset'
  sprockets (2.2.2) lib/sprockets/index.rb:92:in `build_asset'
  sprockets (2.2.2) lib/sprockets/base.rb:169:in `find_asset'
  sprockets (2.2.2) lib/sprockets/index.rb:60:in `find_asset'
  sprockets (2.2.2) lib/sprockets/processed_asset.rb:111:in `block in resolve_dependencies'
  sprockets (2.2.2) lib/sprockets/processed_asset.rb:105:in `each'
  sprockets (2.2.2) lib/sprockets/processed_asset.rb:105:in `resolve_dependencies'
  sprockets (2.2.2) lib/sprockets/processed_asset.rb:97:in `build_required_assets'
  sprockets (2.2.2) lib/sprockets/processed_asset.rb:16:in `initialize'
  sprockets (2.2.2) lib/sprockets/base.rb:249:in `new'
  sprockets (2.2.2) lib/sprockets/base.rb:249:in `block in build_asset'
  sprockets (2.2.2) lib/sprockets/base.rb:270:in `circular_call_protection'
  sprockets (2.2.2) lib/sprockets/base.rb:248:in `build_asset'
  sprockets (2.2.2) lib/sprockets/index.rb:93:in `block in build_asset'
  sprockets (2.2.2) lib/sprockets/caching.rb:19:in `cache_asset'
  sprockets (2.2.2) lib/sprockets/index.rb:92:in `build_asset'
  sprockets (2.2.2) lib/sprockets/base.rb:169:in `find_asset'
  sprockets (2.2.2) lib/sprockets/index.rb:60:in `find_asset'
  sprockets (2.2.2) lib/sprockets/bundled_asset.rb:16:in `initialize'
  sprockets (2.2.2) lib/sprockets/base.rb:252:in `new'
  sprockets (2.2.2) lib/sprockets/base.rb:252:in `build_asset'
  sprockets (2.2.2) lib/sprockets/index.rb:93:in `block in build_asset'
  sprockets (2.2.2) lib/sprockets/caching.rb:19:in `cache_asset'
  sprockets (2.2.2) lib/sprockets/index.rb:92:in `build_asset'
  sprockets (2.2.2) lib/sprockets/base.rb:169:in `find_asset'
  sprockets (2.2.2) lib/sprockets/index.rb:60:in `find_asset'
  sprockets (2.2.2) lib/sprockets/environment.rb:78:in `find_asset'
  sprockets (2.2.2) lib/sprockets/base.rb:177:in `[]'
  actionpack (3.2.12) lib/sprockets/helpers/rails_helper.rb:126:in `asset_for'
  actionpack (3.2.12) lib/sprockets/helpers/rails_helper.rb:27:in `block in javascript_include_tag'
  actionpack (3.2.12) lib/sprockets/helpers/rails_helper.rb:26:in `collect'
  actionpack (3.2.12) lib/sprockets/helpers/rails_helper.rb:26:in `javascript_include_tag'
  activeadmin (0.6.0) app/views/layouts/active_admin_logged_out.html.erb:12:in `block in ___sers_pjain__rvm_gems_ruby_______p____gems_activeadmin_______app_views_layouts_active_admin_logged_out_html_erb__3286274295784351643_70099000777860'
  activeadmin (0.6.0) app/views/layouts/active_admin_logged_out.html.erb:11:in `each'
  activeadmin (0.6.0) app/views/layouts/active_admin_logged_out.html.erb:11:in `___sers_pjain__rvm_gems_ruby_______p____gems_activeadmin_______app_views_layouts_active_admin_logged_out_html_erb__3286274295784351643_70099000777860'
  actionpack (3.2.12) lib/action_view/template.rb:145:in `block in render'
  activesupport (3.2.12) lib/active_support/notifications.rb:125:in `instrument'
  actionpack (3.2.12) lib/action_view/template.rb:143:in `render'
  actionpack (3.2.12) lib/action_view/renderer/template_renderer.rb:59:in `render_with_layout'
  actionpack (3.2.12) lib/action_view/renderer/template_renderer.rb:45:in `render_template'
  actionpack (3.2.12) lib/action_view/renderer/template_renderer.rb:18:in `render'
  actionpack (3.2.12) lib/action_view/renderer/renderer.rb:36:in `render_template'
  actionpack (3.2.12) lib/action_view/renderer/renderer.rb:17:in `render'
  actionpack (3.2.12) lib/abstract_controller/rendering.rb:110:in `_render_template'
  actionpack (3.2.12) lib/action_controller/metal/streaming.rb:225:in `_render_template'
  actionpack (3.2.12) lib/abstract_controller/rendering.rb:103:in `render_to_body'
  actionpack (3.2.12) lib/action_controller/metal/renderers.rb:28:in `render_to_body'
  actionpack (3.2.12) lib/action_controller/metal/compatibility.rb:50:in `render_to_body'
  actionpack (3.2.12) lib/abstract_controller/rendering.rb:88:in `render'
  actionpack (3.2.12) lib/action_controller/metal/rendering.rb:16:in `render'
  actionpack (3.2.12) lib/action_controller/metal/instrumentation.rb:40:in `block (2 levels) in render'
  activesupport (3.2.12) lib/active_support/core_ext/benchmark.rb:5:in `block in ms'
  /Users/pjain/.rvm/rubies/ruby-2.0.0-p353/lib/ruby/2.0.0/benchmark.rb:296:in `realtime'
  activesupport (3.2.12) lib/active_support/core_ext/benchmark.rb:5:in `ms'
  actionpack (3.2.12) lib/action_controller/metal/instrumentation.rb:40:in `block in render'
  actionpack (3.2.12) lib/action_controller/metal/instrumentation.rb:83:in `cleanup_view_runtime'
  activerecord (3.2.12) lib/active_record/railties/controller_runtime.rb:24:in `cleanup_view_runtime'
  actionpack (3.2.12) lib/action_controller/metal/instrumentation.rb:39:in `render'
  actionpack (3.2.12) lib/action_controller/metal/implicit_render.rb:10:in `default_render'
  actionpack (3.2.12) lib/action_controller/metal/responder.rb:232:in `default_render'
  actionpack (3.2.12) lib/action_controller/metal/responder.rb:160:in `to_html'
  actionpack (3.2.12) lib/action_controller/metal/responder.rb:153:in `respond'
  actionpack (3.2.12) lib/action_controller/metal/responder.rb:146:in `call'
  actionpack (3.2.12) lib/action_controller/metal/mime_responds.rb:239:in `respond_with'
  devise (3.2.2) app/controllers/devise/sessions_controller.rb:10:in `new'
  actionpack (3.2.12) lib/action_controller/metal/implicit_render.rb:4:in `send_action'
  actionpack (3.2.12) lib/abstract_controller/base.rb:167:in `process_action'
  actionpack (3.2.12) lib/action_controller/metal/rendering.rb:10:in `process_action'
  actionpack (3.2.12) lib/abstract_controller/callbacks.rb:18:in `block in process_action'
  activesupport (3.2.12) lib/active_support/callbacks.rb:436:in `_run__1351954097383680695__process_action__4199046522915417316__callbacks'
  activesupport (3.2.12) lib/active_support/callbacks.rb:405:in `__run_callback'
  activesupport (3.2.12) lib/active_support/callbacks.rb:385:in `_run_process_action_callbacks'
  activesupport (3.2.12) lib/active_support/callbacks.rb:81:in `run_callbacks'
  actionpack (3.2.12) lib/abstract_controller/callbacks.rb:17:in `process_action'
  actionpack (3.2.12) lib/action_controller/metal/rescue.rb:29:in `process_action'
  actionpack (3.2.12) lib/action_controller/metal/instrumentation.rb:30:in `block in process_action'
  activesupport (3.2.12) lib/active_support/notifications.rb:123:in `block in instrument'
  activesupport (3.2.12) lib/active_support/notifications/instrumenter.rb:20:in `instrument'
  activesupport (3.2.12) lib/active_support/notifications.rb:123:in `instrument'
  actionpack (3.2.12) lib/action_controller/metal/instrumentation.rb:29:in `process_action'
  actionpack (3.2.12) lib/action_controller/metal/params_wrapper.rb:207:in `process_action'
  activerecord (3.2.12) lib/active_record/railties/controller_runtime.rb:18:in `process_action'
  actionpack (3.2.12) lib/abstract_controller/base.rb:121:in `process'
  actionpack (3.2.12) lib/abstract_controller/rendering.rb:45:in `process'
  actionpack (3.2.12) lib/action_controller/metal.rb:203:in `dispatch'
  actionpack (3.2.12) lib/action_controller/metal/rack_delegation.rb:14:in `dispatch'
  actionpack (3.2.12) lib/action_controller/metal.rb:246:in `block in action'
  actionpack (3.2.12) lib/action_dispatch/routing/route_set.rb:73:in `call'
  actionpack (3.2.12) lib/action_dispatch/routing/route_set.rb:73:in `dispatch'
  actionpack (3.2.12) lib/action_dispatch/routing/route_set.rb:36:in `call'
  actionpack (3.2.12) lib/action_dispatch/routing/mapper.rb:42:in `call'
  journey (1.0.4) lib/journey/router.rb:68:in `block in call'
  journey (1.0.4) lib/journey/router.rb:56:in `each'
  journey (1.0.4) lib/journey/router.rb:56:in `call'
  actionpack (3.2.12) lib/action_dispatch/routing/route_set.rb:601:in `call'
  warden (1.2.3) lib/warden/manager.rb:35:in `block in call'
  warden (1.2.3) lib/warden/manager.rb:34:in `catch'
  warden (1.2.3) lib/warden/manager.rb:34:in `call'
  actionpack (3.2.12) lib/action_dispatch/middleware/best_standards_support.rb:17:in `call'
  rack (1.4.5) lib/rack/etag.rb:23:in `call'
  rack (1.4.5) lib/rack/conditionalget.rb:25:in `call'
  actionpack (3.2.12) lib/action_dispatch/middleware/head.rb:14:in `call'
  actionpack (3.2.12) lib/action_dispatch/middleware/params_parser.rb:21:in `call'
  actionpack (3.2.12) lib/action_dispatch/middleware/flash.rb:242:in `call'
  rack (1.4.5) lib/rack/session/abstract/id.rb:210:in `context'
  rack (1.4.5) lib/rack/session/abstract/id.rb:205:in `call'
  actionpack (3.2.12) lib/action_dispatch/middleware/cookies.rb:341:in `call'
  activerecord (3.2.12) lib/active_record/query_cache.rb:64:in `call'
  activerecord (3.2.12) lib/active_record/connection_adapters/abstract/connection_pool.rb:479:in `call'
  actionpack (3.2.12) lib/action_dispatch/middleware/callbacks.rb:28:in `block in call'
  activesupport (3.2.12) lib/active_support/callbacks.rb:405:in `_run__1529388477189002720__call__2602654744640726379__callbacks'
  activesupport (3.2.12) lib/active_support/callbacks.rb:405:in `__run_callback'
  activesupport (3.2.12) lib/active_support/callbacks.rb:385:in `_run_call_callbacks'
  activesupport (3.2.12) lib/active_support/callbacks.rb:81:in `run_callbacks'
  actionpack (3.2.12) lib/action_dispatch/middleware/callbacks.rb:27:in `call'
  actionpack (3.2.12) lib/action_dispatch/middleware/reloader.rb:65:in `call'
  actionpack (3.2.12) lib/action_dispatch/middleware/remote_ip.rb:31:in `call'
  actionpack (3.2.12) lib/action_dispatch/middleware/debug_exceptions.rb:16:in `call'
  actionpack (3.2.12) lib/action_dispatch/middleware/show_exceptions.rb:56:in `call'
  railties (3.2.12) lib/rails/rack/logger.rb:32:in `call_app'
  railties (3.2.12) lib/rails/rack/logger.rb:16:in `block in call'
  activesupport (3.2.12) lib/active_support/tagged_logging.rb:22:in `tagged'
  railties (3.2.12) lib/rails/rack/logger.rb:16:in `call'
  actionpack (3.2.12) lib/action_dispatch/middleware/request_id.rb:22:in `call'
  rack (1.4.5) lib/rack/methodoverride.rb:21:in `call'
  rack (1.4.5) lib/rack/runtime.rb:17:in `call'
  activesupport (3.2.12) lib/active_support/cache/strategy/local_cache.rb:72:in `call'
  rack (1.4.5) lib/rack/lock.rb:15:in `call'
  actionpack (3.2.12) lib/action_dispatch/middleware/static.rb:62:in `call'
  railties (3.2.12) lib/rails/engine.rb:479:in `call'
  railties (3.2.12) lib/rails/application.rb:223:in `call'
  rack (1.4.5) lib/rack/content_length.rb:14:in `call'
  railties (3.2.12) lib/rails/rack/log_tailer.rb:17:in `call'
  rack (1.4.5) lib/rack/handler/webrick.rb:59:in `service'
  /Users/pjain/.rvm/rubies/ruby-2.0.0-p353/lib/ruby/2.0.0/webrick/httpserver.rb:138:in `service'
  /Users/pjain/.rvm/rubies/ruby-2.0.0-p353/lib/ruby/2.0.0/webrick/httpserver.rb:94:in `run'
  /Users/pjain/.rvm/rubies/ruby-2.0.0-p353/lib/ruby/2.0.0/webrick/server.rb:295:in `block in start_thread'


  Rendered /Users/pjain/.rvm/gems/ruby-2.0.0-p353/gems/actionpack-3.2.12/lib/action_dispatch/middleware/templates/rescues/_trace.erb (1.0ms)
  Rendered /Users/pjain/.rvm/gems/ruby-2.0.0-p353/gems/actionpack-3.2.12/lib/action_dispatch/middleware/templates/rescues/_request_and_response.erb (1.2ms)
  Rendered /Users/pjain/.rvm/gems/ruby-2.0.0-p353/gems/actionpack-3.2.12/lib/action_dispatch/middleware/templates/rescues/template_error.erb within rescues/layout (8.9ms)
