# Logfile created on 2014-01-21 10:27:45 +0530 by logger.rb/41954
I, [2014-01-21T10:27:45.858018 #5992]  INFO -- : 0:  rake (10.1.0) from /Users/pjain/.rvm/gems/ruby-1.9.3-p484@jason/specifications/rake-10.1.0.gemspec
I, [2014-01-21T10:27:45.858344 #5992]  INFO -- : 0:  i18n (0.6.5) from /Users/pjain/.rvm/gems/ruby-1.9.3-p484@jason/specifications/i18n-0.6.5.gemspec
I, [2014-01-21T10:27:45.858615 #5992]  INFO -- : 0:  multi_json (1.8.2) from /Users/pjain/.rvm/gems/ruby-1.9.3-p484@jason/specifications/multi_json-1.8.2.gemspec
I, [2014-01-21T10:27:45.858823 #5992]  INFO -- : 0:  activesupport (3.2.12) from /Users/pjain/.rvm/gems/ruby-1.9.3-p484@jason/specifications/activesupport-3.2.12.gemspec
I, [2014-01-21T10:27:45.859032 #5992]  INFO -- : 0:  builder (3.0.4) from /Users/pjain/.rvm/gems/ruby-1.9.3-p484@jason/specifications/builder-3.0.4.gemspec
I, [2014-01-21T10:27:45.859233 #5992]  INFO -- : 0:  activemodel (3.2.12) from /Users/pjain/.rvm/gems/ruby-1.9.3-p484@jason/specifications/activemodel-3.2.12.gemspec
I, [2014-01-21T10:27:45.859432 #5992]  INFO -- : 0:  erubis (2.7.0) from /Users/pjain/.rvm/gems/ruby-1.9.3-p484@jason/specifications/erubis-2.7.0.gemspec
I, [2014-01-21T10:27:45.859628 #5992]  INFO -- : 0:  journey (1.0.4) from /Users/pjain/.rvm/gems/ruby-1.9.3-p484@jason/specifications/journey-1.0.4.gemspec
I, [2014-01-21T10:27:45.859827 #5992]  INFO -- : 0:  rack (1.4.5) from /Users/pjain/.rvm/gems/ruby-1.9.3-p484@jason/specifications/rack-1.4.5.gemspec
I, [2014-01-21T10:27:45.860020 #5992]  INFO -- : 0:  rack-cache (1.2) from /Users/pjain/.rvm/gems/ruby-1.9.3-p484@jason/specifications/rack-cache-1.2.gemspec
I, [2014-01-21T10:27:45.860216 #5992]  INFO -- : 0:  rack-test (0.6.2) from /Users/pjain/.rvm/gems/ruby-1.9.3-p484@jason/specifications/rack-test-0.6.2.gemspec
I, [2014-01-21T10:27:45.860407 #5992]  INFO -- : 0:  hike (1.2.3) from /Users/pjain/.rvm/gems/ruby-1.9.3-p484@jason/specifications/hike-1.2.3.gemspec
I, [2014-01-21T10:27:45.860600 #5992]  INFO -- : 0:  tilt (1.4.1) from /Users/pjain/.rvm/gems/ruby-1.9.3-p484@jason/specifications/tilt-1.4.1.gemspec
I, [2014-01-21T10:27:45.860793 #5992]  INFO -- : 0:  sprockets (2.2.2) from /Users/pjain/.rvm/gems/ruby-1.9.3-p484@jason/specifications/sprockets-2.2.2.gemspec
I, [2014-01-21T10:27:45.860988 #5992]  INFO -- : 0:  actionpack (3.2.12) from /Users/pjain/.rvm/gems/ruby-1.9.3-p484@jason/specifications/actionpack-3.2.12.gemspec
I, [2014-01-21T10:27:45.861182 #5992]  INFO -- : 0:  mime-types (1.25.1) from /Users/pjain/.rvm/gems/ruby-1.9.3-p484@jason/specifications/mime-types-1.25.1.gemspec
I, [2014-01-21T10:27:45.861378 #5992]  INFO -- : 0:  polyglot (0.3.3) from /Users/pjain/.rvm/gems/ruby-1.9.3-p484@jason/specifications/polyglot-0.3.3.gemspec
I, [2014-01-21T10:27:45.861574 #5992]  INFO -- : 0:  treetop (1.4.15) from /Users/pjain/.rvm/gems/ruby-1.9.3-p484@jason/specifications/treetop-1.4.15.gemspec
I, [2014-01-21T10:27:45.861768 #5992]  INFO -- : 0:  mail (2.4.4) from /Users/pjain/.rvm/gems/ruby-1.9.3-p484@jason/specifications/mail-2.4.4.gemspec
I, [2014-01-21T10:27:45.861966 #5992]  INFO -- : 0:  actionmailer (3.2.12) from /Users/pjain/.rvm/gems/ruby-1.9.3-p484@jason/specifications/actionmailer-3.2.12.gemspec
I, [2014-01-21T10:27:45.862162 #5992]  INFO -- : 0:  arel (3.0.3) from /Users/pjain/.rvm/gems/ruby-1.9.3-p484@jason/specifications/arel-3.0.3.gemspec
I, [2014-01-21T10:27:45.862358 #5992]  INFO -- : 0:  tzinfo (0.3.38) from /Users/pjain/.rvm/gems/ruby-1.9.3-p484@jason/specifications/tzinfo-0.3.38.gemspec
I, [2014-01-21T10:27:45.862553 #5992]  INFO -- : 0:  activerecord (3.2.12) from /Users/pjain/.rvm/gems/ruby-1.9.3-p484@jason/specifications/activerecord-3.2.12.gemspec
I, [2014-01-21T10:27:45.862747 #5992]  INFO -- : 0:  activeresource (3.2.12) from /Users/pjain/.rvm/gems/ruby-1.9.3-p484@jason/specifications/activeresource-3.2.12.gemspec
I, [2014-01-21T10:27:45.862943 #5992]  INFO -- : 0:  coffee-script-source (1.6.3) from /Users/pjain/.rvm/gems/ruby-1.9.3-p484@jason/specifications/coffee-script-source-1.6.3.gemspec
I, [2014-01-21T10:27:45.863138 #5992]  INFO -- : 0:  execjs (2.0.2) from /Users/pjain/.rvm/gems/ruby-1.9.3-p484@jason/specifications/execjs-2.0.2.gemspec
I, [2014-01-21T10:27:45.863343 #5992]  INFO -- : 0:  coffee-script (2.2.0) from /Users/pjain/.rvm/gems/ruby-1.9.3-p484@jason/specifications/coffee-script-2.2.0.gemspec
I, [2014-01-21T10:27:45.863538 #5992]  INFO -- : 0:  rack-ssl (1.3.3) from /Users/pjain/.rvm/gems/ruby-1.9.3-p484@jason/specifications/rack-ssl-1.3.3.gemspec
I, [2014-01-21T10:27:45.863744 #5992]  INFO -- : 0:  json (1.8.1) from /Users/pjain/.rvm/gems/ruby-1.9.3-p484@jason/specifications/json-1.8.1.gemspec
I, [2014-01-21T10:27:45.863954 #5992]  INFO -- : 0:  rdoc (3.12.2) from /Users/pjain/.rvm/gems/ruby-1.9.3-p484@jason/specifications/rdoc-3.12.2.gemspec
I, [2014-01-21T10:27:45.864149 #5992]  INFO -- : 0:  thor (0.18.1) from /Users/pjain/.rvm/gems/ruby-1.9.3-p484@jason/specifications/thor-0.18.1.gemspec
I, [2014-01-21T10:27:45.864343 #5992]  INFO -- : 0:  railties (3.2.12) from /Users/pjain/.rvm/gems/ruby-1.9.3-p484@jason/specifications/railties-3.2.12.gemspec
I, [2014-01-21T10:27:45.864537 #5992]  INFO -- : 0:  coffee-rails (3.2.2) from /Users/pjain/.rvm/gems/ruby-1.9.3-p484@jason/specifications/coffee-rails-3.2.2.gemspec
I, [2014-01-21T10:27:45.864729 #5992]  INFO -- : 0:  jquery-rails (3.0.4) from /Users/pjain/.rvm/gems/ruby-1.9.3-p484@jason/specifications/jquery-rails-3.0.4.gemspec
I, [2014-01-21T10:27:45.864917 #5992]  INFO -- : 0:  bundler (1.5.1) from /Users/pjain/.rvm/gems/ruby-1.9.3-p484@global/specifications/bundler-1.5.1.gemspec
I, [2014-01-21T10:27:45.865112 #5992]  INFO -- : 0:  rails (3.2.12) from /Users/pjain/.rvm/gems/ruby-1.9.3-p484@jason/specifications/rails-3.2.12.gemspec
I, [2014-01-21T10:27:45.865305 #5992]  INFO -- : 0:  sass (3.2.12) from /Users/pjain/.rvm/gems/ruby-1.9.3-p484@jason/specifications/sass-3.2.12.gemspec
I, [2014-01-21T10:27:45.865497 #5992]  INFO -- : 0:  sass-rails (3.2.6) from /Users/pjain/.rvm/gems/ruby-1.9.3-p484@jason/specifications/sass-rails-3.2.6.gemspec
I, [2014-01-21T10:27:54.203950 #5992]  INFO -- : 0:  sqlite3 (1.3.8) from /Users/pjain/.rvm/gems/ruby-1.9.3-p484@jason/specifications/sqlite3-1.3.8.gemspec
I, [2014-01-21T10:27:54.204706 #5992]  INFO -- : 0:  uglifier (2.3.1) from /Users/pjain/.rvm/gems/ruby-1.9.3-p484@jason/specifications/uglifier-2.3.1.gemspec
